[16-Sep-2025 05:10:41 UTC] PHP Warning:  PHP Startup: Unable to load dynamic library 'php_imagick.dll' (tried: C:/Users/Owner/AppData/Roaming/Local/lightning-services/php-8.0.30+0/bin/win64/ext\php_imagick.dll (The specified module could not be found), C:/Users/Owner/AppData/Roaming/Local/lightning-services/php-8.0.30+0/bin/win64/ext\php_php_imagick.dll.dll (The specified module could not be found)) in Unknown on line 0
[16-Sep-2025 05:12:29 UTC] PHP Warning:  PHP Startup: Unable to load dynamic library 'php_imagick.dll' (tried: C:/Users/Owner/AppData/Roaming/Local/lightning-services/php-8.0.30+0/bin/win64/ext\php_imagick.dll (The specified module could not be found), C:/Users/Owner/AppData/Roaming/Local/lightning-services/php-8.0.30+0/bin/win64/ext\php_php_imagick.dll.dll (The specified module could not be found)) in Unknown on line 0
[16-Sep-2025 05:12:33 UTC] PHP Warning:  PHP Startup: Unable to load dynamic library 'php_imagick.dll' (tried: C:/Users/Owner/AppData/Roaming/Local/lightning-services/php-8.0.30+0/bin/win64/ext\php_imagick.dll (The specified module could not be found), C:/Users/Owner/AppData/Roaming/Local/lightning-services/php-8.0.30+0/bin/win64/ext\php_php_imagick.dll.dll (The specified module could not be found)) in Unknown on line 0
[16-Sep-2025 05:44:23 UTC] Xdebug: [Step Debug] Time-out connecting to debugging client, waited: 200 ms. Tried: localhost:9003 (fallback through xdebug.client_host/xdebug.client_port) :-(
[16-Sep-2025 05:44:23 UTC] Xdebug: [Step Debug] Time-out connecting to debugging client, waited: 200 ms. Tried: localhost:9003 (fallback through xdebug.client_host/xdebug.client_port) :-(
[16-Sep-2025 05:44:23 UTC] Xdebug: [Step Debug] Time-out connecting to debugging client, waited: 200 ms. Tried: localhost:9003 (fallback through xdebug.client_host/xdebug.client_port) :-(
[16-Sep-2025 05:44:23 UTC] Xdebug: [Step Debug] Time-out connecting to debugging client, waited: 200 ms. Tried: localhost:9003 (fallback through xdebug.client_host/xdebug.client_port) :-(
[16-Sep-2025 05:44:24 UTC] Xdebug: [Step Debug] Time-out connecting to debugging client, waited: 200 ms. Tried: localhost:9003 (fallback through xdebug.client_host/xdebug.client_port) :-(
[16-Sep-2025 05:44:24 UTC] Xdebug: [Step Debug] Time-out connecting to debugging client, waited: 200 ms. Tried: localhost:9003 (fallback through xdebug.client_host/xdebug.client_port) :-(
[16-Sep-2025 05:44:25 UTC] Xdebug: [Step Debug] Time-out connecting to debugging client, waited: 200 ms. Tried: localhost:9003 (fallback through xdebug.client_host/xdebug.client_port) :-(
[16-Sep-2025 05:44:25 UTC] Xdebug: [Step Debug] Time-out connecting to debugging client, waited: 200 ms. Tried: localhost:9003 (fallback through xdebug.client_host/xdebug.client_port) :-(
[16-Sep-2025 05:44:25 UTC] Xdebug: [Step Debug] Time-out connecting to debugging client, waited: 200 ms. Tried: localhost:9003 (fallback through xdebug.client_host/xdebug.client_port) :-(
[16-Sep-2025 05:44:25 UTC] Xdebug: [Step Debug] Time-out connecting to debugging client, waited: 200 ms. Tried: localhost:9003 (fallback through xdebug.client_host/xdebug.client_port) :-(
[16-Sep-2025 05:44:25 UTC] Xdebug: [Step Debug] Time-out connecting to debugging client, waited: 200 ms. Tried: localhost:9003 (fallback through xdebug.client_host/xdebug.client_port) :-(
[16-Sep-2025 05:44:26 UTC] Xdebug: [Step Debug] Time-out connecting to debugging client, waited: 200 ms. Tried: localhost:9003 (fallback through xdebug.client_host/xdebug.client_port) :-(
[16-Sep-2025 05:44:26 UTC] Xdebug: [Step Debug] Time-out connecting to debugging client, waited: 200 ms. Tried: localhost:9003 (fallback through xdebug.client_host/xdebug.client_port) :-(
[16-Sep-2025 05:44:26 UTC] Xdebug: [Step Debug] Time-out connecting to debugging client, waited: 200 ms. Tried: localhost:9003 (fallback through xdebug.client_host/xdebug.client_port) :-(
[16-Sep-2025 05:44:26 UTC] Xdebug: [Step Debug] Time-out connecting to debugging client, waited: 200 ms. Tried: localhost:9003 (fallback through xdebug.client_host/xdebug.client_port) :-(
[16-Sep-2025 05:44:26 UTC] Xdebug: [Step Debug] Time-out connecting to debugging client, waited: 200 ms. Tried: localhost:9003 (fallback through xdebug.client_host/xdebug.client_port) :-(
[16-Sep-2025 05:44:27 UTC] Xdebug: [Step Debug] Time-out connecting to debugging client, waited: 200 ms. Tried: localhost:9003 (fallback through xdebug.client_host/xdebug.client_port) :-(
[16-Sep-2025 05:44:27 UTC] Xdebug: [Step Debug] Time-out connecting to debugging client, waited: 200 ms. Tried: localhost:9003 (fallback through xdebug.client_host/xdebug.client_port) :-(
[16-Sep-2025 05:44:27 UTC] Xdebug: [Step Debug] Time-out connecting to debugging client, waited: 200 ms. Tried: localhost:9003 (fallback through xdebug.client_host/xdebug.client_port) :-(
[16-Sep-2025 05:44:27 UTC] Xdebug: [Step Debug] Time-out connecting to debugging client, waited: 200 ms. Tried: localhost:9003 (fallback through xdebug.client_host/xdebug.client_port) :-(
[16-Sep-2025 05:44:27 UTC] Xdebug: [Step Debug] Time-out connecting to debugging client, waited: 200 ms. Tried: localhost:9003 (fallback through xdebug.client_host/xdebug.client_port) :-(
[16-Sep-2025 05:44:27 UTC] Xdebug: [Step Debug] Time-out connecting to debugging client, waited: 200 ms. Tried: localhost:9003 (fallback through xdebug.client_host/xdebug.client_port) :-(
[16-Sep-2025 05:44:28 UTC] Xdebug: [Step Debug] Time-out connecting to debugging client, waited: 200 ms. Tried: localhost:9003 (fallback through xdebug.client_host/xdebug.client_port) :-(
[16-Sep-2025 05:44:28 UTC] Xdebug: [Step Debug] Time-out connecting to debugging client, waited: 200 ms. Tried: localhost:9003 (fallback through xdebug.client_host/xdebug.client_port) :-(
[16-Sep-2025 05:44:28 UTC] Xdebug: [Step Debug] Time-out connecting to debugging client, waited: 200 ms. Tried: localhost:9003 (fallback through xdebug.client_host/xdebug.client_port) :-(
[16-Sep-2025 05:44:28 UTC] Xdebug: [Step Debug] Time-out connecting to debugging client, waited: 200 ms. Tried: localhost:9003 (fallback through xdebug.client_host/xdebug.client_port) :-(
[16-Sep-2025 05:44:28 UTC] Xdebug: [Step Debug] Time-out connecting to debugging client, waited: 200 ms. Tried: localhost:9003 (fallback through xdebug.client_host/xdebug.client_port) :-(
[16-Sep-2025 05:44:28 UTC] Xdebug: [Step Debug] Time-out connecting to debugging client, waited: 200 ms. Tried: localhost:9003 (fallback through xdebug.client_host/xdebug.client_port) :-(
[16-Sep-2025 05:44:28 UTC] Xdebug: [Step Debug] Time-out connecting to debugging client, waited: 200 ms. Tried: localhost:9003 (fallback through xdebug.client_host/xdebug.client_port) :-(
[16-Sep-2025 05:44:28 UTC] Xdebug: [Step Debug] Time-out connecting to debugging client, waited: 200 ms. Tried: localhost:9003 (fallback through xdebug.client_host/xdebug.client_port) :-(
[16-Sep-2025 05:44:29 UTC] Xdebug: [Step Debug] Time-out connecting to debugging client, waited: 200 ms. Tried: localhost:9003 (fallback through xdebug.client_host/xdebug.client_port) :-(
[16-Sep-2025 05:44:29 UTC] Xdebug: [Step Debug] Time-out connecting to debugging client, waited: 200 ms. Tried: localhost:9003 (fallback through xdebug.client_host/xdebug.client_port) :-(
[16-Sep-2025 05:44:29 UTC] Xdebug: [Step Debug] Time-out connecting to debugging client, waited: 200 ms. Tried: localhost:9003 (fallback through xdebug.client_host/xdebug.client_port) :-(
[16-Sep-2025 05:44:29 UTC] Xdebug: [Step Debug] Time-out connecting to debugging client, waited: 200 ms. Tried: localhost:9003 (fallback through xdebug.client_host/xdebug.client_port) :-(
[16-Sep-2025 05:44:30 UTC] Xdebug: [Step Debug] Time-out connecting to debugging client, waited: 200 ms. Tried: localhost:9003 (fallback through xdebug.client_host/xdebug.client_port) :-(
[16-Sep-2025 05:44:30 UTC] Xdebug: [Step Debug] Time-out connecting to debugging client, waited: 200 ms. Tried: localhost:9003 (fallback through xdebug.client_host/xdebug.client_port) :-(
[16-Sep-2025 05:44:31 UTC] Xdebug: [Step Debug] Time-out connecting to debugging client, waited: 200 ms. Tried: localhost:9003 (fallback through xdebug.client_host/xdebug.client_port) :-(
[16-Sep-2025 05:44:32 UTC] Xdebug: [Step Debug] Time-out connecting to debugging client, waited: 200 ms. Tried: localhost:9003 (fallback through xdebug.client_host/xdebug.client_port) :-(
[16-Sep-2025 05:44:32 UTC] Xdebug: [Step Debug] Time-out connecting to debugging client, waited: 200 ms. Tried: localhost:9003 (fallback through xdebug.client_host/xdebug.client_port) :-(
[16-Sep-2025 05:44:32 UTC] Xdebug: [Step Debug] Time-out connecting to debugging client, waited: 200 ms. Tried: localhost:9003 (fallback through xdebug.client_host/xdebug.client_port) :-(
[16-Sep-2025 05:44:32 UTC] Xdebug: [Step Debug] Time-out connecting to debugging client, waited: 200 ms. Tried: localhost:9003 (fallback through xdebug.client_host/xdebug.client_port) :-(
[16-Sep-2025 05:44:32 UTC] Xdebug: [Step Debug] Time-out connecting to debugging client, waited: 200 ms. Tried: localhost:9003 (fallback through xdebug.client_host/xdebug.client_port) :-(
[16-Sep-2025 05:44:32 UTC] Xdebug: [Step Debug] Time-out connecting to debugging client, waited: 200 ms. Tried: localhost:9003 (fallback through xdebug.client_host/xdebug.client_port) :-(
[16-Sep-2025 05:44:33 UTC] Xdebug: [Step Debug] Time-out connecting to debugging client, waited: 200 ms. Tried: localhost:9003 (fallback through xdebug.client_host/xdebug.client_port) :-(
[16-Sep-2025 05:44:33 UTC] Xdebug: [Step Debug] Time-out connecting to debugging client, waited: 200 ms. Tried: localhost:9003 (fallback through xdebug.client_host/xdebug.client_port) :-(
[16-Sep-2025 05:44:33 UTC] Xdebug: [Step Debug] Time-out connecting to debugging client, waited: 200 ms. Tried: localhost:9003 (fallback through xdebug.client_host/xdebug.client_port) :-(
[16-Sep-2025 05:44:33 UTC] Xdebug: [Step Debug] Time-out connecting to debugging client, waited: 200 ms. Tried: localhost:9003 (fallback through xdebug.client_host/xdebug.client_port) :-(
[16-Sep-2025 05:44:34 UTC] Xdebug: [Step Debug] Time-out connecting to debugging client, waited: 200 ms. Tried: localhost:9003 (fallback through xdebug.client_host/xdebug.client_port) :-(
[16-Sep-2025 05:44:34 UTC] Xdebug: [Step Debug] Time-out connecting to debugging client, waited: 200 ms. Tried: localhost:9003 (fallback through xdebug.client_host/xdebug.client_port) :-(
[16-Sep-2025 05:44:34 UTC] Xdebug: [Step Debug] Time-out connecting to debugging client, waited: 200 ms. Tried: localhost:9003 (fallback through xdebug.client_host/xdebug.client_port) :-(
[16-Sep-2025 05:44:34 UTC] Xdebug: [Step Debug] Time-out connecting to debugging client, waited: 200 ms. Tried: localhost:9003 (fallback through xdebug.client_host/xdebug.client_port) :-(
[16-Sep-2025 05:44:34 UTC] Xdebug: [Step Debug] Time-out connecting to debugging client, waited: 200 ms. Tried: localhost:9003 (fallback through xdebug.client_host/xdebug.client_port) :-(
[16-Sep-2025 05:44:34 UTC] Xdebug: [Step Debug] Time-out connecting to debugging client, waited: 200 ms. Tried: localhost:9003 (fallback through xdebug.client_host/xdebug.client_port) :-(
[16-Sep-2025 05:44:34 UTC] Xdebug: [Step Debug] Time-out connecting to debugging client, waited: 200 ms. Tried: localhost:9003 (fallback through xdebug.client_host/xdebug.client_port) :-(
[16-Sep-2025 05:44:35 UTC] Xdebug: [Step Debug] Time-out connecting to debugging client, waited: 200 ms. Tried: localhost:9003 (fallback through xdebug.client_host/xdebug.client_port) :-(
[16-Sep-2025 05:44:35 UTC] Xdebug: [Step Debug] Time-out connecting to debugging client, waited: 200 ms. Tried: localhost:9003 (fallback through xdebug.client_host/xdebug.client_port) :-(
[16-Sep-2025 05:44:36 UTC] Xdebug: [Step Debug] Time-out connecting to debugging client, waited: 200 ms. Tried: localhost:9003 (fallback through xdebug.client_host/xdebug.client_port) :-(
[16-Sep-2025 05:44:36 UTC] Xdebug: [Step Debug] Time-out connecting to debugging client, waited: 200 ms. Tried: localhost:9003 (fallback through xdebug.client_host/xdebug.client_port) :-(
[16-Sep-2025 05:44:52 UTC] Xdebug: [Step Debug] Time-out connecting to debugging client, waited: 200 ms. Tried: localhost:9003 (fallback through xdebug.client_host/xdebug.client_port) :-(
[16-Sep-2025 05:44:52 UTC] Xdebug: [Step Debug] Time-out connecting to debugging client, waited: 200 ms. Tried: localhost:9003 (fallback through xdebug.client_host/xdebug.client_port) :-(
[16-Sep-2025 05:44:52 UTC] Xdebug: [Step Debug] Time-out connecting to debugging client, waited: 200 ms. Tried: localhost:9003 (fallback through xdebug.client_host/xdebug.client_port) :-(
[16-Sep-2025 05:44:53 UTC] Xdebug: [Step Debug] Time-out connecting to debugging client, waited: 200 ms. Tried: localhost:9003 (fallback through xdebug.client_host/xdebug.client_port) :-(
[16-Sep-2025 05:44:53 UTC] Xdebug: [Step Debug] Time-out connecting to debugging client, waited: 200 ms. Tried: localhost:9003 (fallback through xdebug.client_host/xdebug.client_port) :-(
[16-Sep-2025 05:44:53 UTC] Xdebug: [Step Debug] Time-out connecting to debugging client, waited: 200 ms. Tried: localhost:9003 (fallback through xdebug.client_host/xdebug.client_port) :-(
[16-Sep-2025 05:44:53 UTC] Xdebug: [Step Debug] Time-out connecting to debugging client, waited: 200 ms. Tried: localhost:9003 (fallback through xdebug.client_host/xdebug.client_port) :-(
[16-Sep-2025 05:44:53 UTC] Xdebug: [Step Debug] Time-out connecting to debugging client, waited: 200 ms. Tried: localhost:9003 (fallback through xdebug.client_host/xdebug.client_port) :-(
[16-Sep-2025 05:44:53 UTC] Xdebug: [Step Debug] Time-out connecting to debugging client, waited: 200 ms. Tried: localhost:9003 (fallback through xdebug.client_host/xdebug.client_port) :-(
[16-Sep-2025 05:44:53 UTC] Xdebug: [Step Debug] Time-out connecting to debugging client, waited: 200 ms. Tried: localhost:9003 (fallback through xdebug.client_host/xdebug.client_port) :-(
[16-Sep-2025 05:44:54 UTC] Xdebug: [Step Debug] Time-out connecting to debugging client, waited: 200 ms. Tried: localhost:9003 (fallback through xdebug.client_host/xdebug.client_port) :-(
[16-Sep-2025 05:44:54 UTC] Xdebug: [Step Debug] Time-out connecting to debugging client, waited: 200 ms. Tried: localhost:9003 (fallback through xdebug.client_host/xdebug.client_port) :-(
[16-Sep-2025 05:44:54 UTC] Xdebug: [Step Debug] Time-out connecting to debugging client, waited: 200 ms. Tried: localhost:9003 (fallback through xdebug.client_host/xdebug.client_port) :-(
[16-Sep-2025 05:44:54 UTC] Xdebug: [Step Debug] Time-out connecting to debugging client, waited: 200 ms. Tried: localhost:9003 (fallback through xdebug.client_host/xdebug.client_port) :-(
[16-Sep-2025 05:44:54 UTC] Xdebug: [Step Debug] Time-out connecting to debugging client, waited: 200 ms. Tried: localhost:9003 (fallback through xdebug.client_host/xdebug.client_port) :-(
[16-Sep-2025 05:44:54 UTC] Xdebug: [Step Debug] Time-out connecting to debugging client, waited: 200 ms. Tried: localhost:9003 (fallback through xdebug.client_host/xdebug.client_port) :-(
[16-Sep-2025 05:44:54 UTC] Xdebug: [Step Debug] Time-out connecting to debugging client, waited: 200 ms. Tried: localhost:9003 (fallback through xdebug.client_host/xdebug.client_port) :-(
[16-Sep-2025 05:44:55 UTC] Xdebug: [Step Debug] Time-out connecting to debugging client, waited: 200 ms. Tried: localhost:9003 (fallback through xdebug.client_host/xdebug.client_port) :-(
[16-Sep-2025 05:44:55 UTC] Xdebug: [Step Debug] Time-out connecting to debugging client, waited: 200 ms. Tried: localhost:9003 (fallback through xdebug.client_host/xdebug.client_port) :-(
[16-Sep-2025 05:44:55 UTC] Xdebug: [Step Debug] Time-out connecting to debugging client, waited: 200 ms. Tried: localhost:9003 (fallback through xdebug.client_host/xdebug.client_port) :-(
[16-Sep-2025 05:44:55 UTC] Xdebug: [Step Debug] Time-out connecting to debugging client, waited: 200 ms. Tried: localhost:9003 (fallback through xdebug.client_host/xdebug.client_port) :-(
[16-Sep-2025 05:44:55 UTC] Xdebug: [Step Debug] Time-out connecting to debugging client, waited: 200 ms. Tried: localhost:9003 (fallback through xdebug.client_host/xdebug.client_port) :-(
[16-Sep-2025 05:44:55 UTC] Xdebug: [Step Debug] Time-out connecting to debugging client, waited: 200 ms. Tried: localhost:9003 (fallback through xdebug.client_host/xdebug.client_port) :-(
[16-Sep-2025 05:44:55 UTC] Xdebug: [Step Debug] Time-out connecting to debugging client, waited: 200 ms. Tried: localhost:9003 (fallback through xdebug.client_host/xdebug.client_port) :-(
[16-Sep-2025 05:44:55 UTC] Xdebug: [Step Debug] Time-out connecting to debugging client, waited: 200 ms. Tried: localhost:9003 (fallback through xdebug.client_host/xdebug.client_port) :-(
[16-Sep-2025 05:44:55 UTC] Xdebug: [Step Debug] Time-out connecting to debugging client, waited: 200 ms. Tried: localhost:9003 (fallback through xdebug.client_host/xdebug.client_port) :-(
[16-Sep-2025 05:44:55 UTC] Xdebug: [Step Debug] Time-out connecting to debugging client, waited: 200 ms. Tried: localhost:9003 (fallback through xdebug.client_host/xdebug.client_port) :-(
[16-Sep-2025 05:44:55 UTC] Xdebug: [Step Debug] Time-out connecting to debugging client, waited: 200 ms. Tried: localhost:9003 (fallback through xdebug.client_host/xdebug.client_port) :-(
[16-Sep-2025 05:44:56 UTC] Xdebug: [Step Debug] Time-out connecting to debugging client, waited: 200 ms. Tried: localhost:9003 (fallback through xdebug.client_host/xdebug.client_port) :-(
[16-Sep-2025 05:44:56 UTC] Xdebug: [Step Debug] Time-out connecting to debugging client, waited: 200 ms. Tried: localhost:9003 (fallback through xdebug.client_host/xdebug.client_port) :-(
[16-Sep-2025 05:44:56 UTC] Xdebug: [Step Debug] Time-out connecting to debugging client, waited: 200 ms. Tried: localhost:9003 (fallback through xdebug.client_host/xdebug.client_port) :-(
[16-Sep-2025 05:44:56 UTC] Xdebug: [Step Debug] Time-out connecting to debugging client, waited: 200 ms. Tried: localhost:9003 (fallback through xdebug.client_host/xdebug.client_port) :-(
[16-Sep-2025 05:44:56 UTC] Xdebug: [Step Debug] Time-out connecting to debugging client, waited: 200 ms. Tried: localhost:9003 (fallback through xdebug.client_host/xdebug.client_port) :-(
[16-Sep-2025 05:44:57 UTC] Xdebug: [Step Debug] Time-out connecting to debugging client, waited: 200 ms. Tried: localhost:9003 (fallback through xdebug.client_host/xdebug.client_port) :-(
[16-Sep-2025 05:44:57 UTC] Xdebug: [Step Debug] Time-out connecting to debugging client, waited: 200 ms. Tried: localhost:9003 (fallback through xdebug.client_host/xdebug.client_port) :-(
[16-Sep-2025 05:44:58 UTC] Xdebug: [Step Debug] Time-out connecting to debugging client, waited: 200 ms. Tried: localhost:9003 (fallback through xdebug.client_host/xdebug.client_port) :-(
[16-Sep-2025 05:44:58 UTC] Xdebug: [Step Debug] Time-out connecting to debugging client, waited: 200 ms. Tried: localhost:9003 (fallback through xdebug.client_host/xdebug.client_port) :-(
[16-Sep-2025 05:44:58 UTC] Xdebug: [Step Debug] Time-out connecting to debugging client, waited: 200 ms. Tried: localhost:9003 (fallback through xdebug.client_host/xdebug.client_port) :-(
[16-Sep-2025 05:44:58 UTC] Xdebug: [Step Debug] Time-out connecting to debugging client, waited: 200 ms. Tried: localhost:9003 (fallback through xdebug.client_host/xdebug.client_port) :-(
[16-Sep-2025 05:44:59 UTC] Xdebug: [Step Debug] Time-out connecting to debugging client, waited: 200 ms. Tried: localhost:9003 (fallback through xdebug.client_host/xdebug.client_port) :-(
[16-Sep-2025 05:45:38 UTC] PHP Warning:  PHP Startup: Unable to load dynamic library 'php_imagick.dll' (tried: C:/Users/Owner/AppData/Roaming/Local/lightning-services/php-8.0.30+0/bin/win64/ext\php_imagick.dll (The specified module could not be found), C:/Users/Owner/AppData/Roaming/Local/lightning-services/php-8.0.30+0/bin/win64/ext\php_php_imagick.dll.dll (The specified module could not be found)) in Unknown on line 0
[16-Sep-2025 05:45:38 UTC] Xdebug: [Step Debug] Time-out connecting to debugging client, waited: 200 ms. Tried: ::1:9003 (from HTTP_X_FORWARDED_FOR HTTP header), localhost:9003 (fallback through xdebug.client_host/xdebug.client_port) :-(
[16-Sep-2025 05:45:39 UTC] Xdebug: [Step Debug] Time-out connecting to debugging client, waited: 200 ms. Tried: ::1:9003 (from HTTP_X_FORWARDED_FOR HTTP header), localhost:9003 (fallback through xdebug.client_host/xdebug.client_port) :-(
[16-Sep-2025 05:45:40 UTC] Xdebug: [Step Debug] Time-out connecting to debugging client, waited: 200 ms. Tried: ::1:9003 (from HTTP_X_FORWARDED_FOR HTTP header), localhost:9003 (fallback through xdebug.client_host/xdebug.client_port) :-(
[16-Sep-2025 05:45:41 UTC] Xdebug: [Step Debug] Time-out connecting to debugging client, waited: 200 ms. Tried: ::1:9003 (from HTTP_X_FORWARDED_FOR HTTP header), localhost:9003 (fallback through xdebug.client_host/xdebug.client_port) :-(
[16-Sep-2025 05:45:42 UTC] Xdebug: [Step Debug] Time-out connecting to debugging client, waited: 200 ms. Tried: localhost:9003 (fallback through xdebug.client_host/xdebug.client_port) :-(
[16-Sep-2025 05:45:42 UTC] Xdebug: [Step Debug] Time-out connecting to debugging client, waited: 200 ms. Tried: localhost:9003 (fallback through xdebug.client_host/xdebug.client_port) :-(
[16-Sep-2025 05:45:42 UTC] Xdebug: [Step Debug] Time-out connecting to debugging client, waited: 200 ms. Tried: localhost:9003 (fallback through xdebug.client_host/xdebug.client_port) :-(
[16-Sep-2025 05:45:42 UTC] Xdebug: [Step Debug] Time-out connecting to debugging client, waited: 200 ms. Tried: localhost:9003 (fallback through xdebug.client_host/xdebug.client_port) :-(
[16-Sep-2025 05:45:43 UTC] Xdebug: [Step Debug] Time-out connecting to debugging client, waited: 200 ms. Tried: localhost:9003 (fallback through xdebug.client_host/xdebug.client_port) :-(
[16-Sep-2025 05:45:43 UTC] Xdebug: [Step Debug] Time-out connecting to debugging client, waited: 200 ms. Tried: localhost:9003 (fallback through xdebug.client_host/xdebug.client_port) :-(
[16-Sep-2025 05:45:43 UTC] Xdebug: [Step Debug] Time-out connecting to debugging client, waited: 200 ms. Tried: localhost:9003 (fallback through xdebug.client_host/xdebug.client_port) :-(
[16-Sep-2025 05:45:43 UTC] Xdebug: [Step Debug] Time-out connecting to debugging client, waited: 200 ms. Tried: localhost:9003 (fallback through xdebug.client_host/xdebug.client_port) :-(
[16-Sep-2025 05:45:44 UTC] Xdebug: [Step Debug] Time-out connecting to debugging client, waited: 200 ms. Tried: localhost:9003 (fallback through xdebug.client_host/xdebug.client_port) :-(
[16-Sep-2025 05:45:44 UTC] Xdebug: [Step Debug] Time-out connecting to debugging client, waited: 200 ms. Tried: localhost:9003 (fallback through xdebug.client_host/xdebug.client_port) :-(
[16-Sep-2025 05:45:44 UTC] Xdebug: [Step Debug] Time-out connecting to debugging client, waited: 200 ms. Tried: localhost:9003 (fallback through xdebug.client_host/xdebug.client_port) :-(
[16-Sep-2025 05:45:44 UTC] Xdebug: [Step Debug] Time-out connecting to debugging client, waited: 200 ms. Tried: localhost:9003 (fallback through xdebug.client_host/xdebug.client_port) :-(
[16-Sep-2025 05:45:45 UTC] Xdebug: [Step Debug] Time-out connecting to debugging client, waited: 200 ms. Tried: localhost:9003 (fallback through xdebug.client_host/xdebug.client_port) :-(
[16-Sep-2025 05:45:46 UTC] Xdebug: [Step Debug] Time-out connecting to debugging client, waited: 200 ms. Tried: localhost:9003 (fallback through xdebug.client_host/xdebug.client_port) :-(
[16-Sep-2025 05:45:46 UTC] Xdebug: [Step Debug] Time-out connecting to debugging client, waited: 200 ms. Tried: localhost:9003 (fallback through xdebug.client_host/xdebug.client_port) :-(
[16-Sep-2025 05:45:46 UTC] Xdebug: [Step Debug] Time-out connecting to debugging client, waited: 200 ms. Tried: localhost:9003 (fallback through xdebug.client_host/xdebug.client_port) :-(
[16-Sep-2025 05:45:47 UTC] Xdebug: [Step Debug] Time-out connecting to debugging client, waited: 200 ms. Tried: localhost:9003 (fallback through xdebug.client_host/xdebug.client_port) :-(
[16-Sep-2025 05:45:47 UTC] Xdebug: [Step Debug] Time-out connecting to debugging client, waited: 200 ms. Tried: localhost:9003 (fallback through xdebug.client_host/xdebug.client_port) :-(
[16-Sep-2025 05:45:47 UTC] Xdebug: [Step Debug] Time-out connecting to debugging client, waited: 200 ms. Tried: localhost:9003 (fallback through xdebug.client_host/xdebug.client_port) :-(
[16-Sep-2025 05:45:47 UTC] Xdebug: [Step Debug] Time-out connecting to debugging client, waited: 200 ms. Tried: localhost:9003 (fallback through xdebug.client_host/xdebug.client_port) :-(
[16-Sep-2025 05:45:55 UTC] Xdebug: [Step Debug] Time-out connecting to debugging client, waited: 200 ms. Tried: localhost:9003 (fallback through xdebug.client_host/xdebug.client_port) :-(
[16-Sep-2025 05:45:55 UTC] Xdebug: [Step Debug] Time-out connecting to debugging client, waited: 200 ms. Tried: localhost:9003 (fallback through xdebug.client_host/xdebug.client_port) :-(
[16-Sep-2025 05:45:56 UTC] Xdebug: [Step Debug] Time-out connecting to debugging client, waited: 200 ms. Tried: localhost:9003 (fallback through xdebug.client_host/xdebug.client_port) :-(
[16-Sep-2025 05:45:56 UTC] Xdebug: [Step Debug] Time-out connecting to debugging client, waited: 200 ms. Tried: localhost:9003 (fallback through xdebug.client_host/xdebug.client_port) :-(
[16-Sep-2025 05:45:57 UTC] Xdebug: [Step Debug] Time-out connecting to debugging client, waited: 200 ms. Tried: localhost:9003 (fallback through xdebug.client_host/xdebug.client_port) :-(
[16-Sep-2025 05:45:57 UTC] Xdebug: [Step Debug] Time-out connecting to debugging client, waited: 200 ms. Tried: localhost:9003 (fallback through xdebug.client_host/xdebug.client_port) :-(
[16-Sep-2025 05:45:57 UTC] Xdebug: [Step Debug] Time-out connecting to debugging client, waited: 200 ms. Tried: localhost:9003 (fallback through xdebug.client_host/xdebug.client_port) :-(
[16-Sep-2025 05:45:57 UTC] Xdebug: [Step Debug] Time-out connecting to debugging client, waited: 200 ms. Tried: localhost:9003 (fallback through xdebug.client_host/xdebug.client_port) :-(
[16-Sep-2025 05:45:58 UTC] Xdebug: [Step Debug] Time-out connecting to debugging client, waited: 200 ms. Tried: localhost:9003 (fallback through xdebug.client_host/xdebug.client_port) :-(
[16-Sep-2025 05:45:58 UTC] Xdebug: [Step Debug] Time-out connecting to debugging client, waited: 200 ms. Tried: localhost:9003 (fallback through xdebug.client_host/xdebug.client_port) :-(
[16-Sep-2025 05:45:58 UTC] Xdebug: [Step Debug] Time-out connecting to debugging client, waited: 200 ms. Tried: localhost:9003 (fallback through xdebug.client_host/xdebug.client_port) :-(
[16-Sep-2025 05:45:58 UTC] Xdebug: [Step Debug] Time-out connecting to debugging client, waited: 200 ms. Tried: localhost:9003 (fallback through xdebug.client_host/xdebug.client_port) :-(
[16-Sep-2025 05:46:04 UTC] Xdebug: [Step Debug] Time-out connecting to debugging client, waited: 200 ms. Tried: localhost:9003 (fallback through xdebug.client_host/xdebug.client_port) :-(
[16-Sep-2025 05:46:04 UTC] Xdebug: [Step Debug] Time-out connecting to debugging client, waited: 200 ms. Tried: localhost:9003 (fallback through xdebug.client_host/xdebug.client_port) :-(
[16-Sep-2025 05:46:05 UTC] Xdebug: [Step Debug] Time-out connecting to debugging client, waited: 200 ms. Tried: localhost:9003 (fallback through xdebug.client_host/xdebug.client_port) :-(
[16-Sep-2025 05:46:05 UTC] Xdebug: [Step Debug] Time-out connecting to debugging client, waited: 200 ms. Tried: localhost:9003 (fallback through xdebug.client_host/xdebug.client_port) :-(
[16-Sep-2025 05:46:06 UTC] Xdebug: [Step Debug] Time-out connecting to debugging client, waited: 200 ms. Tried: localhost:9003 (fallback through xdebug.client_host/xdebug.client_port) :-(
[16-Sep-2025 05:46:15 UTC] Xdebug: [Step Debug] Time-out connecting to debugging client, waited: 200 ms. Tried: localhost:9003 (fallback through xdebug.client_host/xdebug.client_port) :-(
[16-Sep-2025 05:46:15 UTC] Xdebug: [Step Debug] Time-out connecting to debugging client, waited: 200 ms. Tried: localhost:9003 (fallback through xdebug.client_host/xdebug.client_port) :-(
[16-Sep-2025 05:46:15 UTC] Xdebug: [Step Debug] Time-out connecting to debugging client, waited: 200 ms. Tried: localhost:9003 (fallback through xdebug.client_host/xdebug.client_port) :-(
[16-Sep-2025 05:46:15 UTC] Xdebug: [Step Debug] Time-out connecting to debugging client, waited: 200 ms. Tried: localhost:9003 (fallback through xdebug.client_host/xdebug.client_port) :-(
[16-Sep-2025 05:46:16 UTC] Xdebug: [Step Debug] Time-out connecting to debugging client, waited: 200 ms. Tried: localhost:9003 (fallback through xdebug.client_host/xdebug.client_port) :-(
[16-Sep-2025 05:46:16 UTC] Xdebug: [Step Debug] Time-out connecting to debugging client, waited: 200 ms. Tried: localhost:9003 (fallback through xdebug.client_host/xdebug.client_port) :-(
[16-Sep-2025 05:46:17 UTC] Xdebug: [Step Debug] Time-out connecting to debugging client, waited: 200 ms. Tried: localhost:9003 (fallback through xdebug.client_host/xdebug.client_port) :-(
[16-Sep-2025 05:46:17 UTC] Xdebug: [Step Debug] Time-out connecting to debugging client, waited: 200 ms. Tried: localhost:9003 (fallback through xdebug.client_host/xdebug.client_port) :-(
[16-Sep-2025 05:46:17 UTC] Xdebug: [Step Debug] Time-out connecting to debugging client, waited: 200 ms. Tried: localhost:9003 (fallback through xdebug.client_host/xdebug.client_port) :-(
[16-Sep-2025 05:46:17 UTC] Xdebug: [Step Debug] Time-out connecting to debugging client, waited: 200 ms. Tried: localhost:9003 (fallback through xdebug.client_host/xdebug.client_port) :-(
[16-Sep-2025 05:46:17 UTC] Xdebug: [Step Debug] Time-out connecting to debugging client, waited: 200 ms. Tried: localhost:9003 (fallback through xdebug.client_host/xdebug.client_port) :-(
[16-Sep-2025 05:46:17 UTC] Xdebug: [Step Debug] Time-out connecting to debugging client, waited: 200 ms. Tried: localhost:9003 (fallback through xdebug.client_host/xdebug.client_port) :-(
[16-Sep-2025 05:46:46 UTC] Xdebug: [Step Debug] Time-out connecting to debugging client, waited: 200 ms. Tried: localhost:9003 (fallback through xdebug.client_host/xdebug.client_port) :-(
[16-Sep-2025 05:46:46 UTC] Xdebug: [Step Debug] Time-out connecting to debugging client, waited: 200 ms. Tried: localhost:9003 (fallback through xdebug.client_host/xdebug.client_port) :-(
[16-Sep-2025 05:46:47 UTC] Xdebug: [Step Debug] Time-out connecting to debugging client, waited: 200 ms. Tried: localhost:9003 (fallback through xdebug.client_host/xdebug.client_port) :-(
[16-Sep-2025 05:46:48 UTC] Xdebug: [Step Debug] Time-out connecting to debugging client, waited: 200 ms. Tried: localhost:9003 (fallback through xdebug.client_host/xdebug.client_port) :-(
[16-Sep-2025 05:47:39 UTC] PHP Warning:  PHP Startup: Unable to load dynamic library 'php_imagick.dll' (tried: C:/Users/Owner/AppData/Roaming/Local/lightning-services/php-8.0.30+0/bin/win64/ext\php_imagick.dll (The specified module could not be found), C:/Users/Owner/AppData/Roaming/Local/lightning-services/php-8.0.30+0/bin/win64/ext\php_php_imagick.dll.dll (The specified module could not be found)) in Unknown on line 0
[16-Sep-2025 06:07:27 UTC] PHP Warning:  PHP Startup: Unable to load dynamic library 'php_imagick.dll' (tried: C:/Users/Owner/AppData/Roaming/Local/lightning-services/php-8.0.30+0/bin/win64/ext\php_imagick.dll (The specified module could not be found), C:/Users/Owner/AppData/Roaming/Local/lightning-services/php-8.0.30+0/bin/win64/ext\php_php_imagick.dll.dll (The specified module could not be found)) in Unknown on line 0
[16-Sep-2025 06:07:27 UTC] PHP Warning:  PHP Startup: Unable to load dynamic library 'php_imagick.dll' (tried: C:/Users/Owner/AppData/Roaming/Local/lightning-services/php-8.0.30+0/bin/win64/ext\php_imagick.dll (The specified module could not be found), C:/Users/Owner/AppData/Roaming/Local/lightning-services/php-8.0.30+0/bin/win64/ext\php_php_imagick.dll.dll (The specified module could not be found)) in Unknown on line 0
[16-Sep-2025 06:07:27 UTC] PHP Warning:  PHP Startup: Unable to load dynamic library 'php_imagick.dll' (tried: C:/Users/Owner/AppData/Roaming/Local/lightning-services/php-8.0.30+0/bin/win64/ext\php_imagick.dll (The specified module could not be found), C:/Users/Owner/AppData/Roaming/Local/lightning-services/php-8.0.30+0/bin/win64/ext\php_php_imagick.dll.dll (The specified module could not be found)) in Unknown on line 0
[16-Sep-2025 06:07:27 UTC] PHP Warning:  PHP Startup: Unable to load dynamic library 'php_imagick.dll' (tried: C:/Users/Owner/AppData/Roaming/Local/lightning-services/php-8.0.30+0/bin/win64/ext\php_imagick.dll (The specified module could not be found), C:/Users/Owner/AppData/Roaming/Local/lightning-services/php-8.0.30+0/bin/win64/ext\php_php_imagick.dll.dll (The specified module could not be found)) in Unknown on line 0
[16-Sep-2025 06:14:57 UTC] PHP Fatal error:  Uncaught Error: Undefined constant "fun" in C:\Users\Owner\Local Sites\domains\app\public\wp-content\plugins\domain-searcher\domain-searcher.php:17
Stack trace:
#0 C:\Users\Owner\Local Sites\domains\app\public\wp-settings.php(545): include_once()
#1 C:\Users\Owner\Local Sites\domains\app\public\wp-config.php(103): require_once('C:\\Users\\Owner\\...')
#2 C:\Users\Owner\Local Sites\domains\app\public\wp-load.php(50): require_once('C:\\Users\\Owner\\...')
#3 C:\Users\Owner\Local Sites\domains\app\public\wp-admin\admin-ajax.php(22): require_once('C:\\Users\\Owner\\...')
#4 {main}
  thrown in C:\Users\Owner\Local Sites\domains\app\public\wp-content\plugins\domain-searcher\domain-searcher.php on line 17
