AH00558: httpd.exe: Could not reliably determine the server's fully qualified domain name, using fe80::cfbc:24d4:9dc:fb5b. Set the 'ServerName' directive globally to suppress this message
[Tue Sep 16 06:09:37.996313 2025] [mpm_winnt:notice] [pid 27264:tid 716] AH00455: Apache/2.4.43 (Win32) mod_fcgid/2.3.9a configured -- resuming normal operations
[Tue Sep 16 06:09:37.996313 2025] [mpm_winnt:notice] [pid 27264:tid 716] AH00456: Server built: Apr 21 2020 13:46:54
[Tue Sep 16 06:09:37.996313 2025] [core:notice] [pid 27264:tid 716] AH00094: Command line: 'C:\\Users\\Owner\\AppData\\Roaming\\Local\\lightning-services\\apache-2.4.43+11\\bin\\win32\\bin\\httpd.exe -d C:/Users/Owner/AppData/Roaming/Local/lightning-services/apache-2.4.43+11/bin/win32 -D FOREGROUND -f C:\\Users\\Owner\\AppData\\Roaming\\Local\\run\\ioaFKTSNZ\\conf\\apache\\apache2.conf'
[Tue Sep 16 06:09:38.008452 2025] [mpm_winnt:notice] [pid 27264:tid 716] AH00418: Parent: Created child process 15764
AH00558: httpd.exe: Could not reliably determine the server's fully qualified domain name, using fe80::cfbc:24d4:9dc:fb5b. Set the 'ServerName' directive globally to suppress this message
AH00558: httpd.exe: Could not reliably determine the server's fully qualified domain name, using fe80::cfbc:24d4:9dc:fb5b. Set the 'ServerName' directive globally to suppress this message
[Tue Sep 16 06:09:39.896151 2025] [mpm_winnt:notice] [pid 15764:tid 832] AH00354: Child: Starting 64 worker threads.
AH00558: httpd.exe: Could not reliably determine the server's fully qualified domain name, using fe80::cfbc:24d4:9dc:fb5b. Set the 'ServerName' directive globally to suppress this message
[Tue Sep 16 06:44:24.646578 2025] [core:warn] [pid 27724:tid 800] AH00098: pid file C:/Users/Owner/AppData/Roaming/Local/run/ioaFKTSNZ/apache/logs/httpd.pid overwritten -- Unclean shutdown of previous Apache run?
[Tue Sep 16 06:44:24.650579 2025] [mpm_winnt:notice] [pid 27724:tid 800] AH00455: Apache/2.4.43 (Win32) mod_fcgid/2.3.9a configured -- resuming normal operations
[Tue Sep 16 06:44:24.651095 2025] [mpm_winnt:notice] [pid 27724:tid 800] AH00456: Server built: Apr 21 2020 13:46:54
[Tue Sep 16 06:44:24.651095 2025] [core:notice] [pid 27724:tid 800] AH00094: Command line: 'C:\\Users\\Owner\\AppData\\Roaming\\Local\\lightning-services\\apache-2.4.43+11\\bin\\win32\\bin\\httpd.exe -d C:/Users/Owner/AppData/Roaming/Local/lightning-services/apache-2.4.43+11/bin/win32 -D FOREGROUND -f C:\\Users\\Owner\\AppData\\Roaming\\Local\\run\\ioaFKTSNZ\\conf\\apache\\apache2.conf'
[Tue Sep 16 06:44:24.658102 2025] [mpm_winnt:notice] [pid 27724:tid 800] AH00418: Parent: Created child process 4164
AH00558: httpd.exe: Could not reliably determine the server's fully qualified domain name, using fe80::cfbc:24d4:9dc:fb5b. Set the 'ServerName' directive globally to suppress this message
AH00558: httpd.exe: Could not reliably determine the server's fully qualified domain name, using fe80::cfbc:24d4:9dc:fb5b. Set the 'ServerName' directive globally to suppress this message
[Tue Sep 16 06:44:25.940442 2025] [mpm_winnt:notice] [pid 4164:tid 876] AH00354: Child: Starting 64 worker threads.
AH00558: httpd.exe: Could not reliably determine the server's fully qualified domain name, using fe80::cfbc:24d4:9dc:fb5b. Set the 'ServerName' directive globally to suppress this message
[Tue Sep 16 06:46:48.857198 2025] [core:warn] [pid 26948:tid 772] AH00098: pid file C:/Users/Owner/AppData/Roaming/Local/run/ioaFKTSNZ/apache/logs/httpd.pid overwritten -- Unclean shutdown of previous Apache run?
[Tue Sep 16 06:46:48.860201 2025] [mpm_winnt:notice] [pid 26948:tid 772] AH00455: Apache/2.4.43 (Win32) mod_fcgid/2.3.9a configured -- resuming normal operations
[Tue Sep 16 06:46:48.861202 2025] [mpm_winnt:notice] [pid 26948:tid 772] AH00456: Server built: Apr 21 2020 13:46:54
[Tue Sep 16 06:46:48.861202 2025] [core:notice] [pid 26948:tid 772] AH00094: Command line: 'C:\\Users\\Owner\\AppData\\Roaming\\Local\\lightning-services\\apache-2.4.43+11\\bin\\win32\\bin\\httpd.exe -d C:/Users/Owner/AppData/Roaming/Local/lightning-services/apache-2.4.43+11/bin/win32 -D FOREGROUND -f C:\\Users\\Owner\\AppData\\Roaming\\Local\\run\\ioaFKTSNZ\\conf\\apache\\apache2.conf'
[Tue Sep 16 06:46:48.869199 2025] [mpm_winnt:notice] [pid 26948:tid 772] AH00418: Parent: Created child process 12312
AH00558: httpd.exe: Could not reliably determine the server's fully qualified domain name, using fe80::cfbc:24d4:9dc:fb5b. Set the 'ServerName' directive globally to suppress this message
AH00558: httpd.exe: Could not reliably determine the server's fully qualified domain name, using fe80::cfbc:24d4:9dc:fb5b. Set the 'ServerName' directive globally to suppress this message
[Tue Sep 16 06:46:50.158101 2025] [mpm_winnt:notice] [pid 12312:tid 852] AH00354: Child: Starting 64 worker threads.
